<?xml version="1.0" encoding="UTF-8"?>
<testsuite name="Tanks.HealthPowerTest" tests="4" skipped="0" failures="0" errors="0" timestamp="2024-05-16T14:53:35" hostname="chis-mbp.lan" time="4.419">
  <properties/>
  <testcase name="decreaseHealthFalse()" classname="Tanks.HealthPowerTest" time="1.067"/>
  <testcase name="updatePower()" classname="Tanks.HealthPowerTest" time="1.074"/>
  <testcase name="decreaseHealthTrue()" classname="Tanks.HealthPowerTest" time="1.082"/>
  <testcase name="powerIncreaseDecrease()" classname="Tanks.HealthPowerTest" time="1.193"/>
  <system-out><![CDATA[]]></system-out>
  <system-err><![CDATA[]]></system-err>
</testsuite>
