<?xml version="1.0" encoding="UTF-8"?>
<testsuite name="Tanks.TreeTest" tests="2" skipped="0" failures="0" errors="0" timestamp="2024-05-17T12:50:36" hostname="chis-mbp.lan" time="2.385">
  <properties/>
  <testcase name="testDrawTree()" classname="Tanks.TreeTest" time="1.283"/>
  <testcase name="testGroundTree()" classname="Tanks.TreeTest" time="1.101"/>
  <system-out><![CDATA[]]></system-out>
  <system-err><![CDATA[]]></system-err>
</testsuite>
