<?xml version="1.0" encoding="UTF-8"?>
<testsuite name="Tanks.LevelTest" tests="2" skipped="0" failures="0" errors="0" timestamp="2024-05-16T15:05:55" hostname="chis-mbp.lan" time="2.338">
  <properties/>
  <testcase name="displayFinalScoreboard()" classname="Tanks.LevelTest" time="1.219"/>
  <testcase name="checkLevelsExist()" classname="Tanks.LevelTest" time="1.119"/>
  <system-out><![CDATA[]]></system-out>
  <system-err><![CDATA[]]></system-err>
</testsuite>
