<?xml version="1.0" encoding="UTF-8"?>
<testsuite name="Tanks.PlayerTest" tests="4" skipped="0" failures="0" errors="0" timestamp="2024-05-16T15:05:57" hostname="chis-mbp.lan" time="4.492">
  <properties/>
  <testcase name="increaseScore()" classname="Tanks.PlayerTest" time="1.119"/>
  <testcase name="drawShield()" classname="Tanks.PlayerTest" time="1.148"/>
  <testcase name="updateHealthPower()" classname="Tanks.PlayerTest" time="1.086"/>
  <testcase name="drawParachute()" classname="Tanks.PlayerTest" time="1.137"/>
  <system-out><![CDATA[]]></system-out>
  <system-err><![CDATA[]]></system-err>
</testsuite>
