<?xml version="1.0" encoding="UTF-8"?>
<testsuite name="Tanks.LevelTest" tests="2" skipped="0" failures="0" errors="0" timestamp="2024-05-16T14:53:39" hostname="chis-mbp.lan" time="2.279">
  <properties/>
  <testcase name="displayFinalScoreboard()" classname="Tanks.LevelTest" time="1.184"/>
  <testcase name="checkLevelsExist()" classname="Tanks.LevelTest" time="1.094"/>
  <system-out><![CDATA[]]></system-out>
  <system-err><![CDATA[]]></system-err>
</testsuite>
