<?xml version="1.0" encoding="UTF-8"?>
<testsuite name="Tanks.BackgroundTerrainTest" tests="4" skipped="0" failures="0" errors="0" timestamp="2024-05-16T14:53:30" hostname="chis-mbp.lan" time="4.293">
  <properties/>
  <testcase name="calculateMovingAverageTest()" classname="Tanks.BackgroundTerrainTest" time="1.072"/>
  <testcase name="setTerrainMatrixTest()" classname="Tanks.BackgroundTerrainTest" time="1.061"/>
  <testcase name="setForegroundColourTest()" classname="Tanks.BackgroundTerrainTest" time="1.057"/>
  <testcase name="setBackgroundTest()" classname="Tanks.BackgroundTerrainTest" time="1.1"/>
  <system-out><![CDATA[]]></system-out>
  <system-err><![CDATA[]]></system-err>
</testsuite>
