<?xml version="1.0" encoding="UTF-8"?>
<testsuite name="Tanks.LevelTest" tests="5" skipped="0" failures="0" errors="0" timestamp="2024-05-17T12:50:15" hostname="chis-mbp.lan" time="8.061">
  <properties/>
  <testcase name="sortScores()" classname="Tanks.LevelTest" time="3.215"/>
  <testcase name="displayFinalScoreboard()" classname="Tanks.LevelTest" time="1.154"/>
  <testcase name="getPlayers()" classname="Tanks.LevelTest" time="1.234"/>
  <testcase name="checkLevelsExist()" classname="Tanks.LevelTest" time="1.225"/>
  <testcase name="getLevel()" classname="Tanks.LevelTest" time="1.228"/>
  <system-out><![CDATA[]]></system-out>
  <system-err><![CDATA[]]></system-err>
</testsuite>
