<?xml version="1.0" encoding="UTF-8"?>
<testsuite name="Tanks.BackgroundTerrainTest" tests="4" skipped="0" failures="0" errors="0" timestamp="2024-05-16T15:05:46" hostname="chis-mbp.lan" time="4.326">
  <properties/>
  <testcase name="calculateMovingAverageTest()" classname="Tanks.BackgroundTerrainTest" time="1.063"/>
  <testcase name="setTerrainMatrixTest()" classname="Tanks.BackgroundTerrainTest" time="1.098"/>
  <testcase name="setForegroundColourTest()" classname="Tanks.BackgroundTerrainTest" time="1.069"/>
  <testcase name="setBackgroundTest()" classname="Tanks.BackgroundTerrainTest" time="1.092"/>
  <system-out><![CDATA[]]></system-out>
  <system-err><![CDATA[]]></system-err>
</testsuite>
