<?xml version="1.0" encoding="UTF-8"?>
<testsuite name="Tanks.BackgroundTerrainTest" tests="4" skipped="0" failures="0" errors="0" timestamp="2024-05-17T12:50:06" hostname="chis-mbp.lan" time="4.463">
  <properties/>
  <testcase name="calculateMovingAverageTest()" classname="Tanks.BackgroundTerrainTest" time="1.09"/>
  <testcase name="setTerrainMatrixTest()" classname="Tanks.BackgroundTerrainTest" time="1.102"/>
  <testcase name="setForegroundColourTest()" classname="Tanks.BackgroundTerrainTest" time="1.083"/>
  <testcase name="setBackgroundTest()" classname="Tanks.BackgroundTerrainTest" time="1.183"/>
  <system-out><![CDATA[]]></system-out>
  <system-err><![CDATA[]]></system-err>
</testsuite>
