<?xml version="1.0" encoding="UTF-8"?>
<testsuite name="Tanks.TankTest" tests="4" skipped="0" failures="0" errors="0" timestamp="2024-05-17T12:50:31" hostname="chis-mbp.lan" time="4.879">
  <properties/>
  <testcase name="increaseYCoordinate()" classname="Tanks.TankTest" time="1.136"/>
  <testcase name="moveTank()" classname="Tanks.TankTest" time="1.151"/>
  <testcase name="explosion()" classname="Tanks.TankTest" time="1.31"/>
  <testcase name="setProjectileExplosion()" classname="Tanks.TankTest" time="1.278"/>
  <system-out><![CDATA[]]></system-out>
  <system-err><![CDATA[]]></system-err>
</testsuite>
