<?xml version="1.0" encoding="UTF-8"?>
<testsuite name="Tanks.HealthPowerTest" tests="4" skipped="0" failures="0" errors="0" timestamp="2024-05-17T12:50:10" hostname="chis-mbp.lan" time="4.705">
  <properties/>
  <testcase name="decreaseHealthFalse()" classname="Tanks.HealthPowerTest" time="1.163"/>
  <testcase name="updatePower()" classname="Tanks.HealthPowerTest" time="1.169"/>
  <testcase name="decreaseHealthTrue()" classname="Tanks.HealthPowerTest" time="1.147"/>
  <testcase name="powerIncreaseDecrease()" classname="Tanks.HealthPowerTest" time="1.22"/>
  <system-out><![CDATA[]]></system-out>
  <system-err><![CDATA[]]></system-err>
</testsuite>
