<?xml version="1.0" encoding="UTF-8"?>
<testsuite name="Tanks.TankTest" tests="4" skipped="0" failures="0" errors="0" timestamp="2024-05-16T14:53:49" hostname="chis-mbp.lan" time="4.62">
  <properties/>
  <testcase name="increaseYCoordinate()" classname="Tanks.TankTest" time="1.181"/>
  <testcase name="moveTank()" classname="Tanks.TankTest" time="1.154"/>
  <testcase name="explosion()" classname="Tanks.TankTest" time="1.205"/>
  <testcase name="setProjectileExplosion()" classname="Tanks.TankTest" time="1.075"/>
  <system-out><![CDATA[]]></system-out>
  <system-err><![CDATA[]]></system-err>
</testsuite>
