<?xml version="1.0" encoding="UTF-8"?>
<testsuite name="Tanks.TankTest" tests="4" skipped="0" failures="0" errors="0" timestamp="2024-05-16T15:06:05" hostname="chis-mbp.lan" time="4.564">
  <properties/>
  <testcase name="increaseYCoordinate()" classname="Tanks.TankTest" time="1.117"/>
  <testcase name="moveTank()" classname="Tanks.TankTest" time="1.149"/>
  <testcase name="explosion()" classname="Tanks.TankTest" time="1.188"/>
  <testcase name="setProjectileExplosion()" classname="Tanks.TankTest" time="1.102"/>
  <system-out><![CDATA[]]></system-out>
  <system-err><![CDATA[]]></system-err>
</testsuite>
